<?xml version="1.0" encoding="UTF-8"?>
<!-- Generated by org.testng.reporters.JUnitReportReporter -->
<testsuite skipped="0" hostname="DESKTOP-3HB8IKU" name="com.Testing_Pack.Reportngtest1" tests="1" failures="0" timestamp="03 Sep 2019 10:52:55 GMT" time="0.325" errors="0">
  <testcase name="Sum_Test" time="0.325" classname="com.Testing_Pack.Reportngtest1"/>
</testsuite> <!-- com.Testing_Pack.Reportngtest1 -->
